time="2024-12-01T17:11:29-05:00" level=info msg="IGNORE:"
time="2024-12-01T17:11:29-05:00" level=info msg="\\.git"
time="2024-12-01T17:11:29-05:00" level=info msg="\\.github"
time="2024-12-01T17:11:29-05:00" level=info msg="*~"
time="2024-12-01T17:11:29-05:00" level=info msg="D:\\LIB Library\\HV Hivemind/.hive"
time="2024-12-01T17:11:29-05:00" level=info msg="Performing scan"
time="2024-12-01T17:11:29-05:00" level=info msg="Ignoring .git"
time="2024-12-01T17:11:29-05:00" level=info msg="Ignoring .github"
time="2024-12-01T17:11:29-05:00" level=info msg="D:\\LIB Library\\HV Hivemind\\.gitignore"
time="2024-12-01T17:11:29-05:00" level=info msg="D:\\LIB Library\\HV Hivemind\\.hive\\000001.vlog"
time="2024-12-01T17:11:29-05:00" level=info msg="D:\\LIB Library\\HV Hivemind\\.hive\\000002.vlog"
time="2024-12-01T17:11:29-05:00" level=info msg="D:\\LIB Library\\HV Hivemind\\.hive\\000003.vlog"
time="2024-12-01T17:11:29-05:00" level=info msg="D:\\LIB Library\\HV Hivemind\\.hive\\000004.vlog"
time="2024-12-01T17:11:29-05:00" level=info msg="D:\\LIB Library\\HV Hivemind\\.hive\\000005.vlog"
time="2024-12-01T17:11:29-05:00" level=info msg="D:\\LIB Library\\HV Hivemind\\.hive\\000006.vlog"
time="2024-12-01T17:11:29-05:00" level=info msg="D:\\LIB Library\\HV Hivemind\\.hive\\000007.vlog"
time="2024-12-01T17:11:29-05:00" level=info msg="D:\\LIB Library\\HV Hivemind\\.hive\\000008.vlog"
time="2024-12-01T17:11:29-05:00" level=info msg="D:\\LIB Library\\HV Hivemind\\.hive\\000009.vlog"
time="2024-12-01T17:11:29-05:00" level=info msg="D:\\LIB Library\\HV Hivemind\\.hive\\000010.vlog"
time="2024-12-01T17:11:29-05:00" level=info msg="D:\\LIB Library\\HV Hivemind\\.hive\\000011.vlog"
time="2024-12-01T17:11:29-05:00" level=info msg="D:\\LIB Library\\HV Hivemind\\.hive\\000012.vlog"
time="2024-12-01T17:11:29-05:00" level=info msg="Outpropogating .gitignore_c\n"
time="2024-12-01T17:11:29-05:00" level=info msg="D:\\LIB Library\\HV Hivemind\\.hive\\000013.vlog"
time="2024-12-01T17:11:29-05:00" level=info msg="D:\\LIB Library\\HV Hivemind\\.hive\\000014.vlog"
time="2024-12-01T17:11:29-05:00" level=info msg="D:\\LIB Library\\HV Hivemind\\.hive\\000015.vlog"
time="2024-12-01T17:11:29-05:00" level=info msg="Outpropogating 000001.vlog_c\n"
time="2024-12-01T17:11:29-05:00" level=info msg="D:\\LIB Library\\HV Hivemind\\.hive\\000016.vlog"
time="2024-12-01T17:11:29-05:00" level=info msg="D:\\LIB Library\\HV Hivemind\\.hive\\000017.vlog"
time="2024-12-01T17:11:29-05:00" level=info msg="D:\\LIB Library\\HV Hivemind\\.hive\\000018.vlog"
time="2024-12-01T17:11:29-05:00" level=info msg="Outpropogating 000002.vlog_c\n"
time="2024-12-01T17:11:29-05:00" level=info msg="D:\\LIB Library\\HV Hivemind\\.hive\\000019.vlog"
time="2024-12-01T17:11:29-05:00" level=info msg="D:\\LIB Library\\HV Hivemind\\.hive\\000020.vlog"
time="2024-12-01T17:11:29-05:00" level=info msg="D:\\LIB Library\\HV Hivemind\\.hive\\000021.vlog"
time="2024-12-01T17:11:29-05:00" level=info msg="D:\\LIB Library\\HV Hivemind\\.hive\\000022.vlog"
time="2024-12-01T17:11:29-05:00" level=info msg="Outpropogating 000003.vlog_c\n"
time="2024-12-01T17:11:29-05:00" level=info msg="Outpropogating 000008.vlog_c\n"
time="2024-12-01T17:11:29-05:00" level=info msg="D:\\LIB Library\\HV Hivemind\\.hive\\000023.vlog"
time="2024-12-01T17:11:29-05:00" level=info msg="D:\\LIB Library\\HV Hivemind\\.hive\\000024.vlog"
time="2024-12-01T17:11:29-05:00" level=info msg="D:\\LIB Library\\HV Hivemind\\.hive\\000025.vlog"
time="2024-12-01T17:11:29-05:00" level=info msg="D:\\LIB Library\\HV Hivemind\\.hive\\000026.vlog"
time="2024-12-01T17:11:29-05:00" level=info msg="D:\\LIB Library\\HV Hivemind\\.hive\\000027.vlog"
time="2024-12-01T17:11:29-05:00" level=info msg="D:\\LIB Library\\HV Hivemind\\.hive\\000028.vlog"
time="2024-12-01T17:11:29-05:00" level=info msg="D:\\LIB Library\\HV Hivemind\\.hive\\000029.vlog"
time="2024-12-01T17:11:29-05:00" level=info msg="D:\\LIB Library\\HV Hivemind\\.hive\\000030.vlog"
time="2024-12-01T17:11:29-05:00" level=info msg="D:\\LIB Library\\HV Hivemind\\.hive\\000031.vlog"
time="2024-12-01T17:11:29-05:00" level=info msg="D:\\LIB Library\\HV Hivemind\\.hive\\000032.vlog"
time="2024-12-01T17:11:29-05:00" level=info msg="Outpropogating 000010.vlog_c\n"
time="2024-12-01T17:11:29-05:00" level=info msg="Outpropogating 000004.vlog_c\n"
time="2024-12-01T17:11:29-05:00" level=info msg="D:\\LIB Library\\HV Hivemind\\.hive\\000033.vlog"
time="2024-12-01T17:11:29-05:00" level=info msg="Outpropogating 000015.vlog_c\n"
time="2024-12-01T17:11:29-05:00" level=info msg="Outpropogating 000005.vlog_c\n"
time="2024-12-01T17:11:29-05:00" level=info msg="Outpropogating 000011.vlog_c\n"
time="2024-12-01T17:11:29-05:00" level=info msg="D:\\LIB Library\\HV Hivemind\\.hive\\000034.vlog"
time="2024-12-01T17:11:29-05:00" level=info msg="Outpropogating 000006.vlog_c\n"
time="2024-12-01T17:11:29-05:00" level=info msg="Outpropogating 000019.vlog_c\n"
time="2024-12-01T17:11:29-05:00" level=info msg="Outpropogating 000025.vlog_c\n"
time="2024-12-01T17:11:29-05:00" level=info msg="Outpropogating 000022.vlog_c\n"
time="2024-12-01T17:11:29-05:00" level=info msg="Outpropogating 000020.vlog_c\n"
time="2024-12-01T17:11:29-05:00" level=info msg="Outpropogating 000014.vlog_c\n"
time="2024-12-01T17:11:29-05:00" level=info msg="Outpropogating 000018.vlog_c\n"
time="2024-12-01T17:11:29-05:00" level=info msg="Outpropogating 000028.vlog_c\n"
time="2024-12-01T17:11:29-05:00" level=info msg="Outpropogating 000023.vlog_c\n"
time="2024-12-01T17:11:29-05:00" level=info msg="Outpropogating 000016.vlog_c\n"
time="2024-12-01T17:11:29-05:00" level=info msg="Outpropogating 000009.vlog_c\n"
time="2024-12-01T17:11:29-05:00" level=info msg="Outpropogating 000030.vlog_c\n"
time="2024-12-01T17:11:29-05:00" level=info msg="Outpropogating 000007.vlog_c\n"
time="2024-12-01T17:11:29-05:00" level=info msg="Outpropogating 000012.vlog_c\n"
time="2024-12-01T17:11:29-05:00" level=info msg="Outpropogating 000027.vlog_c\n"
time="2024-12-01T17:11:29-05:00" level=info msg="Outpropogating 000017.vlog_c\n"
time="2024-12-01T17:11:29-05:00" level=info msg="D:\\LIB Library\\HV Hivemind\\.hive\\000035.vlog"
time="2024-12-01T17:11:29-05:00" level=info msg="Outpropogating 000029.vlog_c\n"
time="2024-12-01T17:11:29-05:00" level=info msg="Outpropogating 000033.vlog_c\n"
time="2024-12-01T17:11:29-05:00" level=info msg="Outpropogating 000021.vlog_c\n"
time="2024-12-01T17:11:29-05:00" level=info msg="Outpropogating 000024.vlog_c\n"
time="2024-12-01T17:11:29-05:00" level=info msg="D:\\LIB Library\\HV Hivemind\\.hive\\000036.vlog"
time="2024-12-01T17:11:29-05:00" level=info msg="Outpropogating 000032.vlog_c\n"
time="2024-12-01T17:11:29-05:00" level=info msg="Outpropogating 000026.vlog_c\n"
time="2024-12-01T17:11:29-05:00" level=info msg="Outpropogating 000034.vlog_c\n"
time="2024-12-01T17:11:29-05:00" level=info msg="Outpropogating 000031.vlog_c\n"
time="2024-12-01T17:11:29-05:00" level=info msg="Outpropogating 000013.vlog_c\n"
time="2024-12-01T17:11:29-05:00" level=info msg="D:\\LIB Library\\HV Hivemind\\.hive\\000037.vlog"
time="2024-12-01T17:11:29-05:00" level=info msg="D:\\LIB Library\\HV Hivemind\\.hive\\000038.vlog"
time="2024-12-01T17:11:29-05:00" level=info msg="D:\\LIB Library\\HV Hivemind\\.hive\\000039.vlog"
time="2024-12-01T17:11:29-05:00" level=info msg="D:\\LIB Library\\HV Hivemind\\.hive\\000040.vlog"
time="2024-12-01T17:11:29-05:00" level=info msg="Outpropogating 000035.vlog_c\n"
time="2024-12-01T17:11:29-05:00" level=info msg="D:\\LIB Library\\HV Hivemind\\.hive\\000041.vlog"
time="2024-12-01T17:11:29-05:00" level=info msg="D:\\LIB Library\\HV Hivemind\\.hive\\000042.vlog"
time="2024-12-01T17:11:29-05:00" level=info msg="D:\\LIB Library\\HV Hivemind\\.hive\\000043.vlog"
time="2024-12-01T17:11:29-05:00" level=info msg="D:\\LIB Library\\HV Hivemind\\.hive\\000044.vlog"
time="2024-12-01T17:11:29-05:00" level=info msg="Outpropogating 000036.vlog_c\n"
time="2024-12-01T17:11:29-05:00" level=info msg="D:\\LIB Library\\HV Hivemind\\.hive\\000045.vlog"
time="2024-12-01T17:11:29-05:00" level=info msg="D:\\LIB Library\\HV Hivemind\\.hive\\000046.vlog"
time="2024-12-01T17:11:29-05:00" level=info msg="Outpropogating 000038.vlog_c\n"
time="2024-12-01T17:11:29-05:00" level=info msg="D:\\LIB Library\\HV Hivemind\\.hive\\000047.vlog"
time="2024-12-01T17:11:29-05:00" level=info msg="Outpropogating 000039.vlog_c\n"
time="2024-12-01T17:11:29-05:00" level=info msg="D:\\LIB Library\\HV Hivemind\\.hive\\000048.vlog"
time="2024-12-01T17:11:29-05:00" level=info msg="D:\\LIB Library\\HV Hivemind\\.hive\\000049.vlog"
time="2024-12-01T17:11:29-05:00" level=info msg="D:\\LIB Library\\HV Hivemind\\.hive\\000050.vlog"
time="2024-12-01T17:11:29-05:00" level=info msg="Outpropogating 000037.vlog_c\n"
time="2024-12-01T17:11:29-05:00" level=info msg="D:\\LIB Library\\HV Hivemind\\.hive\\000051.vlog"
time="2024-12-01T17:11:29-05:00" level=info msg="D:\\LIB Library\\HV Hivemind\\.hive\\000057.sst"
time="2024-12-01T17:11:29-05:00" level=info msg="D:\\LIB Library\\HV Hivemind\\.hive\\00051.mem"
time="2024-12-01T17:11:29-05:00" level=info msg="D:\\LIB Library\\HV Hivemind\\.hive\\DISCARD"
time="2024-12-01T17:11:29-05:00" level=info msg="D:\\LIB Library\\HV Hivemind\\.hive\\KEYREGISTRY"
time="2024-12-01T17:11:29-05:00" level=info msg="D:\\LIB Library\\HV Hivemind\\.hive\\LOCK"
time="2024-12-01T17:11:29-05:00" level=info msg="Outpropogating 000041.vlog_c\n"
time="2024-12-01T17:11:29-05:00" level=info msg="D:\\LIB Library\\HV Hivemind\\.hive\\MANIFEST"
time="2024-12-01T17:11:29-05:00" level=info msg="Outpropogating 000046.vlog_c\n"
time="2024-12-01T17:11:29-05:00" level=info msg="Outpropogating 000042.vlog_c\n"
time="2024-12-01T17:11:29-05:00" level=info msg="Outpropogating 000047.vlog_c\n"
time="2024-12-01T17:11:29-05:00" level=info msg="Outpropogating 000043.vlog_c\n"
time="2024-12-01T17:11:29-05:00" level=info msg="Outpropogating 000044.vlog_c\n"
time="2024-12-01T17:11:29-05:00" level=info msg="D:\\LIB Library\\HV Hivemind\\4913"
time="2024-12-01T17:11:29-05:00" level=info msg="Outpropogating 000040.vlog_c\n"
time="2024-12-01T17:11:29-05:00" level=info msg="Outpropogating 000045.vlog_c\n"
time="2024-12-01T17:11:29-05:00" level=info msg="Outpropogating 000049.vlog_c\n"
time="2024-12-01T17:11:29-05:00" level=info msg="Outpropogating KEYREGISTRY_c\n"
time="2024-12-01T17:11:29-05:00" level=info msg="Outpropogating 000050.vlog_c\n"
time="2024-12-01T17:11:29-05:00" level=info msg="Outpropogating 000048.vlog_c\n"
time="2024-12-01T17:11:29-05:00" level=info msg="Outpropogating MANIFEST_c\n"
time="2024-12-01T17:11:29-05:00" level=info msg="D:\\LIB Library\\HV Hivemind\\core\\a\\hello"
time="2024-12-01T17:11:29-05:00" level=info msg="D:\\LIB Library\\HV Hivemind\\core\\a\\hi"
time="2024-12-01T17:11:29-05:00" level=info msg="D:\\LIB Library\\HV Hivemind\\core\\a\\who r u"
time="2024-12-01T17:11:29-05:00" level=info msg="Outpropogating 4913_c\n"
time="2024-12-01T17:11:29-05:00" level=info msg="ERR while hashing: open D:\\LIB Library\\HV Hivemind\\.hive\\LOCK: The process cannot access the file because it is being used by another process.\n"
time="2024-12-01T17:11:29-05:00" level=info msg="D:\\LIB Library\\HV Hivemind\\core\\b\\(greetings)"
time="2024-12-01T17:11:29-05:00" level=info msg="D:\\LIB Library\\HV Hivemind\\core\\b\\thats my thing"
time="2024-12-01T17:11:29-05:00" level=info msg="D:\\LIB Library\\HV Hivemind\\core\\b\\what"
time="2024-12-01T17:11:29-05:00" level=info msg="Outpropogating who r u_c\n"
time="2024-12-01T17:11:29-05:00" level=info msg="D:\\LIB Library\\HV Hivemind\\core\\b\\why did you ask a question"
time="2024-12-01T17:11:29-05:00" level=info msg="Outpropogating hello_c\n"
time="2024-12-01T17:11:29-05:00" level=info msg="Outpropogating hi_c\n"
time="2024-12-01T17:11:29-05:00" level=info msg="Outpropogating (greetings)_c\n"
time="2024-12-01T17:11:29-05:00" level=info msg="D:\\LIB Library\\HV Hivemind\\core\\c\\yall are losers"
time="2024-12-01T17:11:29-05:00" level=info msg="D:\\LIB Library\\HV Hivemind\\core.hive"
time="2024-12-01T17:11:29-05:00" level=info msg="Outpropogating thats my thing_c\n"
time="2024-12-01T17:11:29-05:00" level=info msg="Outpropogating what_c\n"
time="2024-12-01T17:11:29-05:00" level=info msg="Outpropogating why did you ask a question_c\n"
time="2024-12-01T17:11:29-05:00" level=info msg="Outpropogating yall are losers_c\n"
time="2024-12-01T17:11:29-05:00" level=info msg="D:\\LIB Library\\HV Hivemind\\example1\\.hive"
time="2024-12-01T17:11:29-05:00" level=info msg="Outpropogating core.hive_c\n"
time="2024-12-01T17:11:29-05:00" level=info msg="D:\\LIB Library\\HV Hivemind\\example1\\hello_c"
time="2024-12-01T17:11:29-05:00" level=info msg="D:\\LIB Library\\HV Hivemind\\example1\\hello_c~"
time="2024-12-01T17:11:29-05:00" level=info msg="D:\\LIB Library\\HV Hivemind\\example1\\hi_c"
time="2024-12-01T17:11:29-05:00" level=info msg="D:\\LIB Library\\HV Hivemind\\example1\\hi_c~"
time="2024-12-01T17:11:29-05:00" level=info msg="D:\\LIB Library\\HV Hivemind\\example1\\who r u_c"
time="2024-12-01T17:11:29-05:00" level=info msg="Outpropogating .hive_c\n"
time="2024-12-01T17:11:29-05:00" level=info msg="D:\\LIB Library\\HV Hivemind\\example2\\hello_c"
time="2024-12-01T17:11:29-05:00" level=info msg="Outpropogating hi_c_c\n"
time="2024-12-01T17:11:29-05:00" level=info msg="D:\\LIB Library\\HV Hivemind\\go.mod"
time="2024-12-01T17:11:29-05:00" level=info msg="Outpropogating hello_c_c\n"
time="2024-12-01T17:11:29-05:00" level=info msg="D:\\LIB Library\\HV Hivemind\\go.sum"
time="2024-12-01T17:11:29-05:00" level=info msg="Outpropogating hi_c~_c\n"
time="2024-12-01T17:11:29-05:00" level=info msg="Outpropogating hello_c~_c\n"
time="2024-12-01T17:11:29-05:00" level=info msg="D:\\LIB Library\\HV Hivemind\\hashdb.go"
time="2024-12-01T17:11:29-05:00" level=info msg="Outpropogating who r u_c_c\n"
time="2024-12-01T17:11:29-05:00" level=info msg="D:\\LIB Library\\HV Hivemind\\hivemind"
time="2024-12-01T17:11:29-05:00" level=info msg="D:\\LIB Library\\HV Hivemind\\hivemind.exe"
time="2024-12-01T17:11:29-05:00" level=info msg="Outpropogating hello_c_c\n"
time="2024-12-01T17:11:29-05:00" level=info msg="D:\\LIB Library\\HV Hivemind\\interface.go"
time="2024-12-01T17:11:29-05:00" level=info msg="D:\\LIB Library\\HV Hivemind\\main.go"
time="2024-12-01T17:11:29-05:00" level=info msg="Outpropogating go.mod_c\n"
time="2024-12-01T17:11:29-05:00" level=info msg="Outpropogating go.sum_c\n"
time="2024-12-01T17:11:29-05:00" level=info msg="D:\\LIB Library\\HV Hivemind\\main.go~"
time="2024-12-01T17:11:29-05:00" level=info msg="Outpropogating hashdb.go_c\n"
time="2024-12-01T17:11:29-05:00" level=info msg="D:\\LIB Library\\HV Hivemind\\output.log"
time="2024-12-01T17:11:29-05:00" level=info msg="D:\\LIB Library\\HV Hivemind\\util.go"
time="2024-12-01T17:11:29-05:00" level=info msg="Outpropogating interface.go_c\n"
time="2024-12-01T17:11:29-05:00" level=info msg="D:\\LIB Library\\HV Hivemind\\version.txt"
time="2024-12-01T17:11:29-05:00" level=info msg="Outpropogating main.go_c\n"
time="2024-12-01T17:11:29-05:00" level=info msg="D:\\LIB Library\\HV Hivemind\\watchdog.go"
time="2024-12-01T17:11:29-05:00" level=info msg="completed full directory sync"
time="2024-12-01T17:11:29-05:00" level=info msg="Outpropogating main.go~_c\n"
time="2024-12-01T17:11:29-05:00" level=info msg="Outpropogating util.go_c\n"
time="2024-12-01T17:11:29-05:00" level=info msg="Outpropogating watchdog.go_c\n"
time="2024-12-01T17:11:29-05:00" level=info msg="Outpropogating version.txt_c\n"
time="2024-12-01T17:11:29-05:00" level=info msg="Outpropogating DISCARD_c\n"
time="2024-12-01T17:11:29-05:00" level=info msg="detected new file: D:\\LIB Library\\HV Hivemind\\.hive\\000057.sst\n"
time="2024-12-01T17:11:29-05:00" level=info msg="Outpropogating 000057.sst_c\n"
time="2024-12-01T17:11:29-05:00" level=info msg="Outpropogating hivemind_c\n"
time="2024-12-01T17:11:29-05:00" level=info msg="Outpropogating output.log_c\n"
time="2024-12-01T17:11:29-05:00" level=info msg="Outpropogating hivemind.exe_c\n"
time="2024-12-01T17:11:29-05:00" level=info msg="Outpropogating 000051.vlog_c\n"
time="2024-12-01T17:11:29-05:00" level=info msg="Outpropogating 00051.mem_c\n"
time="2024-12-01T17:11:50-05:00" level=info msg="ERR while hashing: open D:\\LIB Library\\HV Hivemind\\5036: The system cannot find the file specified.\n"
time="2024-12-01T17:11:50-05:00" level=info msg="ERR while hashing: open D:\\LIB Library\\HV Hivemind\\5036: The system cannot find the file specified.\n"
time="2024-12-01T17:11:50-05:00" level=info msg="Outpropogating interface.go_c\n"
time="2024-12-01T17:11:50-05:00" level=info msg="ERR while hashing: open D:\\LIB Library\\HV Hivemind\\interface.go~: The system cannot find the file specified.\n"
time="2024-12-01T17:11:50-05:00" level=info msg="Outpropogating interface.go_c\n"
time="2024-12-01T17:11:51-05:00" level=info msg="Outpropogating interface.go_c\n"
time="2024-12-01T17:11:51-05:00" level=info msg="ERR while hashing: open D:\\LIB Library\\HV Hivemind\\interface.go~: The system cannot find the file specified.\n"
